::1 - - [30/Mar/2022:09:32:41 +0000] "GET / HTTP/1.1" 304 - "-" "Mozilla/5.0 (X11; Linux x86_64) AppleWebKit/537.36 (KHTML, like Gecko) Chrome/96.0.4664.45 Safari/537.36"
::1 - - [30/Mar/2022:09:32:42 +0000] "GET /assets/js/home_post.js HTTP/1.1" 404 161 "http://localhost:8000/" "Mozilla/5.0 (X11; Linux x86_64) AppleWebKit/537.36 (KHTML, like Gecko) Chrome/96.0.4664.45 Safari/537.36"
::1 - - [30/Mar/2022:09:32:42 +0000] "GET /assets/js/home_post.js HTTP/1.1" 404 161 "http://localhost:8000/" "Mozilla/5.0 (X11; Linux x86_64) AppleWebKit/537.36 (KHTML, like Gecko) Chrome/96.0.4664.45 Safari/537.36"
::1 - - [30/Mar/2022:09:32:43 +0000] "GET /users/sign-in HTTP/1.1" 304 - "http://localhost:8000/" "Mozilla/5.0 (X11; Linux x86_64) AppleWebKit/537.36 (KHTML, like Gecko) Chrome/96.0.4664.45 Safari/537.36"
::1 - - [30/Mar/2022:09:32:45 +0000] "GET /users/auth/google HTTP/1.1" 302 0 "http://localhost:8000/users/sign-in" "Mozilla/5.0 (X11; Linux x86_64) AppleWebKit/537.36 (KHTML, like Gecko) Chrome/96.0.4664.45 Safari/537.36"
::1 - - [30/Mar/2022:09:32:49 +0000] "GET /users/auth/google/callback?code=4%2F0AX4XfWiIHInVSyqQJaPG0vCjw3I0ifFkkGhDvPaOIxyVPnTubepHAWedWs7ucT15HvUdiQ&scope=email+profile+https%3A%2F%2Fwww.googleapis.com%2Fauth%2Fuserinfo.profile+https%3A%2F%2Fwww.googleapis.com%2Fauth%2Fuserinfo.email+openid&authuser=0&prompt=consent HTTP/1.1" 500 148 "-" "Mozilla/5.0 (X11; Linux x86_64) AppleWebKit/537.36 (KHTML, like Gecko) Chrome/96.0.4664.45 Safari/537.36"
::1 - - [30/Mar/2022:09:33:01 +0000] "GET /users/auth/google/callback?code=4%2F0AX4XfWi6wNq6GK4LkmdhO37PPleCRLeoyB6hrhj0cU1URdUNt6UOdAapRl_dai43ro0qVQ&scope=email+profile+https%3A%2F%2Fwww.googleapis.com%2Fauth%2Fuserinfo.profile+https%3A%2F%2Fwww.googleapis.com%2Fauth%2Fuserinfo.email+openid&authuser=1&prompt=consent HTTP/1.1" 500 148 "-" "Mozilla/5.0 (X11; Linux x86_64) AppleWebKit/537.36 (KHTML, like Gecko) Chrome/96.0.4664.45 Safari/537.36"
::1 - - [30/Mar/2022:09:34:07 +0000] "POST /users/createSession HTTP/1.1" 302 46 "http://localhost:8000/users/sign-in" "Mozilla/5.0 (X11; Linux x86_64) AppleWebKit/537.36 (KHTML, like Gecko) Chrome/96.0.4664.45 Safari/537.36"
::1 - - [30/Mar/2022:09:34:07 +0000] "GET / HTTP/1.1" 200 17255 "http://localhost:8000/users/sign-in" "Mozilla/5.0 (X11; Linux x86_64) AppleWebKit/537.36 (KHTML, like Gecko) Chrome/96.0.4664.45 Safari/537.36"
::1 - - [30/Mar/2022:09:34:07 +0000] "GET /assets/js/home_post.js HTTP/1.1" 404 161 "http://localhost:8000/" "Mozilla/5.0 (X11; Linux x86_64) AppleWebKit/537.36 (KHTML, like Gecko) Chrome/96.0.4664.45 Safari/537.36"
::1 - - [30/Mar/2022:09:34:07 +0000] "GET /assets/js/home_post.js HTTP/1.1" 404 161 "http://localhost:8000/" "Mozilla/5.0 (X11; Linux x86_64) AppleWebKit/537.36 (KHTML, like Gecko) Chrome/96.0.4664.45 Safari/537.36"
::1 - - [30/Mar/2022:09:36:41 +0000] "GET /users/sign-out HTTP/1.1" 302 46 "http://localhost:8000/" "Mozilla/5.0 (X11; Linux x86_64) AppleWebKit/537.36 (KHTML, like Gecko) Chrome/96.0.4664.45 Safari/537.36"
::1 - - [30/Mar/2022:09:36:41 +0000] "GET / HTTP/1.1" 200 9821 "http://localhost:8000/" "Mozilla/5.0 (X11; Linux x86_64) AppleWebKit/537.36 (KHTML, like Gecko) Chrome/96.0.4664.45 Safari/537.36"
::1 - - [30/Mar/2022:09:36:41 +0000] "GET /assets/js/home_post.js HTTP/1.1" 404 161 "http://localhost:8000/" "Mozilla/5.0 (X11; Linux x86_64) AppleWebKit/537.36 (KHTML, like Gecko) Chrome/96.0.4664.45 Safari/537.36"
::1 - - [30/Mar/2022:09:36:41 +0000] "GET /assets/js/home_post.js HTTP/1.1" 404 161 "http://localhost:8000/" "Mozilla/5.0 (X11; Linux x86_64) AppleWebKit/537.36 (KHTML, like Gecko) Chrome/96.0.4664.45 Safari/537.36"
::1 - - [30/Mar/2022:09:36:46 +0000] "GET /users/sign-in HTTP/1.1" 304 - "http://localhost:8000/" "Mozilla/5.0 (X11; Linux x86_64) AppleWebKit/537.36 (KHTML, like Gecko) Chrome/96.0.4664.45 Safari/537.36"
::1 - - [30/Mar/2022:09:36:48 +0000] "GET /users/auth/google HTTP/1.1" 302 0 "http://localhost:8000/users/sign-in" "Mozilla/5.0 (X11; Linux x86_64) AppleWebKit/537.36 (KHTML, like Gecko) Chrome/96.0.4664.45 Safari/537.36"
::1 - - [30/Mar/2022:09:36:52 +0000] "GET /users/auth/google/callback?code=4%2F0AX4XfWiAKop03njDPiEoDRZlYjLx7IfD7zNdzTsfZtDiJg9yzjetM8p02wtK2bnB9WmxRw&scope=email+profile+https%3A%2F%2Fwww.googleapis.com%2Fauth%2Fuserinfo.profile+https%3A%2F%2Fwww.googleapis.com%2Fauth%2Fuserinfo.email+openid&authuser=0&prompt=consent HTTP/1.1" 500 148 "-" "Mozilla/5.0 (X11; Linux x86_64) AppleWebKit/537.36 (KHTML, like Gecko) Chrome/96.0.4664.45 Safari/537.36"
::1 - - [30/Mar/2022:09:36:57 +0000] "POST /users/createSession HTTP/1.1" 302 46 "http://localhost:8000/users/sign-in" "Mozilla/5.0 (X11; Linux x86_64) AppleWebKit/537.36 (KHTML, like Gecko) Chrome/96.0.4664.45 Safari/537.36"
::1 - - [30/Mar/2022:09:36:57 +0000] "GET / HTTP/1.1" 200 17255 "http://localhost:8000/users/sign-in" "Mozilla/5.0 (X11; Linux x86_64) AppleWebKit/537.36 (KHTML, like Gecko) Chrome/96.0.4664.45 Safari/537.36"
::1 - - [30/Mar/2022:09:36:57 +0000] "GET /assets/js/home_post.js HTTP/1.1" 404 161 "http://localhost:8000/" "Mozilla/5.0 (X11; Linux x86_64) AppleWebKit/537.36 (KHTML, like Gecko) Chrome/96.0.4664.45 Safari/537.36"
::1 - - [30/Mar/2022:09:36:57 +0000] "GET /assets/js/home_post.js HTTP/1.1" 404 161 "http://localhost:8000/" "Mozilla/5.0 (X11; Linux x86_64) AppleWebKit/537.36 (KHTML, like Gecko) Chrome/96.0.4664.45 Safari/537.36"
::1 - - [30/Mar/2022:09:37:49 +0000] "GET / HTTP/1.1" 200 16977 "http://localhost:8000/users/sign-in" "Mozilla/5.0 (X11; Linux x86_64) AppleWebKit/537.36 (KHTML, like Gecko) Chrome/96.0.4664.45 Safari/537.36"
::1 - - [30/Mar/2022:09:37:49 +0000] "GET /assets/js/home_post.js HTTP/1.1" 404 161 "http://localhost:8000/" "Mozilla/5.0 (X11; Linux x86_64) AppleWebKit/537.36 (KHTML, like Gecko) Chrome/96.0.4664.45 Safari/537.36"
::1 - - [30/Mar/2022:09:37:49 +0000] "GET /assets/js/home_post.js HTTP/1.1" 404 161 "http://localhost:8000/" "Mozilla/5.0 (X11; Linux x86_64) AppleWebKit/537.36 (KHTML, like Gecko) Chrome/96.0.4664.45 Safari/537.36"
::1 - - [30/Mar/2022:09:37:50 +0000] "GET / HTTP/1.1" 304 - "http://localhost:8000/users/sign-in" "Mozilla/5.0 (X11; Linux x86_64) AppleWebKit/537.36 (KHTML, like Gecko) Chrome/96.0.4664.45 Safari/537.36"
::1 - - [30/Mar/2022:09:37:50 +0000] "GET /assets/js/home_post.js HTTP/1.1" 404 161 "http://localhost:8000/" "Mozilla/5.0 (X11; Linux x86_64) AppleWebKit/537.36 (KHTML, like Gecko) Chrome/96.0.4664.45 Safari/537.36"
::1 - - [30/Mar/2022:09:37:50 +0000] "GET / HTTP/1.1" 304 - "http://localhost:8000/users/sign-in" "Mozilla/5.0 (X11; Linux x86_64) AppleWebKit/537.36 (KHTML, like Gecko) Chrome/96.0.4664.45 Safari/537.36"
::1 - - [30/Mar/2022:09:37:50 +0000] "GET /assets/js/home_post.js HTTP/1.1" 404 161 "http://localhost:8000/" "Mozilla/5.0 (X11; Linux x86_64) AppleWebKit/537.36 (KHTML, like Gecko) Chrome/96.0.4664.45 Safari/537.36"
::1 - - [30/Mar/2022:09:37:50 +0000] "GET /assets/js/home_post.js HTTP/1.1" 404 161 "http://localhost:8000/" "Mozilla/5.0 (X11; Linux x86_64) AppleWebKit/537.36 (KHTML, like Gecko) Chrome/96.0.4664.45 Safari/537.36"
::1 - - [30/Mar/2022:09:37:51 +0000] "GET / HTTP/1.1" 304 - "http://localhost:8000/users/sign-in" "Mozilla/5.0 (X11; Linux x86_64) AppleWebKit/537.36 (KHTML, like Gecko) Chrome/96.0.4664.45 Safari/537.36"
::1 - - [30/Mar/2022:09:37:51 +0000] "GET /assets/js/home_post.js HTTP/1.1" 404 161 "http://localhost:8000/" "Mozilla/5.0 (X11; Linux x86_64) AppleWebKit/537.36 (KHTML, like Gecko) Chrome/96.0.4664.45 Safari/537.36"
::1 - - [30/Mar/2022:09:37:51 +0000] "GET /assets/js/home_post.js HTTP/1.1" 404 161 "http://localhost:8000/" "Mozilla/5.0 (X11; Linux x86_64) AppleWebKit/537.36 (KHTML, like Gecko) Chrome/96.0.4664.45 Safari/537.36"
::1 - - [30/Mar/2022:09:38:30 +0000] "GET /users/sign-out HTTP/1.1" 302 46 "http://localhost:8000/" "Mozilla/5.0 (X11; Linux x86_64) AppleWebKit/537.36 (KHTML, like Gecko) Chrome/96.0.4664.45 Safari/537.36"
::1 - - [30/Mar/2022:09:38:30 +0000] "GET / HTTP/1.1" 200 9821 "http://localhost:8000/" "Mozilla/5.0 (X11; Linux x86_64) AppleWebKit/537.36 (KHTML, like Gecko) Chrome/96.0.4664.45 Safari/537.36"
::1 - - [30/Mar/2022:09:38:31 +0000] "GET /assets/js/home_post.js HTTP/1.1" 404 161 "http://localhost:8000/" "Mozilla/5.0 (X11; Linux x86_64) AppleWebKit/537.36 (KHTML, like Gecko) Chrome/96.0.4664.45 Safari/537.36"
::1 - - [30/Mar/2022:09:38:35 +0000] "GET /users/sign-in HTTP/1.1" 304 - "http://localhost:8000/" "Mozilla/5.0 (X11; Linux x86_64) AppleWebKit/537.36 (KHTML, like Gecko) Chrome/96.0.4664.45 Safari/537.36"
::1 - - [30/Mar/2022:09:38:37 +0000] "GET /users/auth/google HTTP/1.1" 302 0 "http://localhost:8000/users/sign-in" "Mozilla/5.0 (X11; Linux x86_64) AppleWebKit/537.36 (KHTML, like Gecko) Chrome/96.0.4664.45 Safari/537.36"
::1 - - [30/Mar/2022:09:38:40 +0000] "GET /users/auth/google/callback?code=4%2F0AX4XfWjvFr325US6EmL059QRH89O4OyXEKkwAXHF_iwBQ3iNiLf_8UTgW_Zb-xJEi-njAQ&scope=email+profile+https%3A%2F%2Fwww.googleapis.com%2Fauth%2Fuserinfo.profile+https%3A%2F%2Fwww.googleapis.com%2Fauth%2Fuserinfo.email+openid&authuser=0&prompt=consent HTTP/1.1" 500 1148 "-" "Mozilla/5.0 (X11; Linux x86_64) AppleWebKit/537.36 (KHTML, like Gecko) Chrome/96.0.4664.45 Safari/537.36"
